<?xml version="1.0" encoding="UTF-8"?>
<testsuite name="LibraryTest" tests="1" skipped="0" failures="0" errors="0" timestamp="2017-04-19T10:33:07" hostname="5CG6332Q2X" time="0.01">
  <properties/>
  <testcase name="testSomeLibraryMethod" classname="LibraryTest" time="0.01"/>
  <system-out><![CDATA[]]></system-out>
  <system-err><![CDATA[]]></system-err>
</testsuite>
